GROUP,PACKAGE,CLASS,INSTRUCTION_MISSED,INSTRUCTION_COVERED,BRANCH_MISSED,BRANCH_COVERED,LINE_MISSED,LINE_COVERED,COMPLEXITY_MISSED,COMPLEXITY_COVERED,METHOD_MISSED,METHOD_COVERED
pruebasunitarias,edu.unisabana.tyvs.domain.model,Gender,0,21,0,0,0,4,0,1,0,1
pruebasunitarias,edu.unisabana.tyvs.domain.model,RegisterResult,0,27,0,0,0,5,0,1,0,1
pruebasunitarias,edu.unisabana.tyvs.domain.model,Person,12,21,0,0,4,4,4,2,4,2
pruebasunitarias,edu.unisabana.tyvs.tdd,App,7,0,0,0,3,0,2,0,2,0
pruebasunitarias,edu.unisabana.tyvs.domain.service,Registry,2,12,1,3,1,5,1,3,0,2
